<?xml version="1.0" encoding="UTF-8"?>
<testsuite xmlns:xsi="http://www.w3.org/2001/XMLSchema-instance" xsi:noNamespaceSchemaLocation="https://maven.apache.org/surefire/maven-surefire-plugin/xsd/surefire-test-report.xsd" version="3.0.2" name="vn.edu.ptithcm.WebUIS.WebUisApplicationTests" time="6.528" tests="1" errors="0" skipped="0" failures="0">
  <properties>
[...]
</properties>
  <testcase name="contextLoads" classname="vn.edu.ptithcm.WebUIS.WebUisApplicationTests" time="0.631">
    <system-out><![CDATA[18:27:17.177 [main] INFO org.springframework.test.context.support.AnnotationConfigContextLoaderUtils -- Could not detect default configuration classes for test class [vn.edu.ptithcm.WebUIS.WebUisApplicationTests]: WebUisApplicationTests does not declare any static, non-private, non-final, nested classes annotated with @Configuration.
18:27:17.298 [main] INFO org.springframework.boot.test.context.SpringBootTestContextBootstrapper -- Found @SpringBootConfiguration vn.edu.ptithcm.WebUIS.WebUisApplication for test class vn.edu.ptithcm.WebUIS.WebUisApplicationTests
18:27:17.486 [main] INFO org.springframework.boot.devtools.restart.RestartApplicationListener -- Restart disabled due to context in which it is running

  .   ____          _            __ _ _
 /\\ / ___'_ __ _ _(_)_ __  __ _ \ \ \ \
( ( )\___ | '_ | '_| | '_ \/ _` | \ \ \ \
 \\/  ___)| |_)| | | | | || (_| |  ) ) ) )
  '  |____| .__|_| |_|_| |_\__, | / / / /
 =========|_|==============|___/=/_/_/_/

 :: Spring Boot ::                (v3.4.3)

2025-03-05T18:27:17.782+07:00  INFO 24192 --- [WebUIS] [           main] v.e.p.WebUIS.WebUisApplicationTests      : Starting WebUisApplicationTests using Java 21.0.5 with PID 24192 (started by Duong in D:\HK2_04-05\Thuc_Tap_Co_So\Project-Cham-Diem-Ren-Luyen\WebUIS)
2025-03-05T18:27:17.783+07:00  INFO 24192 --- [WebUIS] [           main] v.e.p.WebUIS.WebUisApplicationTests      : No active profile set, falling back to 1 default profile: "default"
2025-03-05T18:27:18.899+07:00  INFO 24192 --- [WebUIS] [           main] .s.d.r.c.RepositoryConfigurationDelegate : Bootstrapping Spring Data JPA repositories in DEFAULT mode.
2025-03-05T18:27:18.918+07:00  INFO 24192 --- [WebUIS] [           main] .s.d.r.c.RepositoryConfigurationDelegate : Finished Spring Data repository scanning in 10 ms. Found 0 JPA repository interfaces.
2025-03-05T18:27:19.690+07:00  INFO 24192 --- [WebUIS] [           main] com.zaxxer.hikari.HikariDataSource       : HikariPool-1 - Starting...
2025-03-05T18:27:20.170+07:00  INFO 24192 --- [WebUIS] [           main] com.zaxxer.hikari.pool.HikariPool        : HikariPool-1 - Added connection com.mysql.cj.jdbc.ConnectionImpl@6598caab
2025-03-05T18:27:20.172+07:00  INFO 24192 --- [WebUIS] [           main] com.zaxxer.hikari.HikariDataSource       : HikariPool-1 - Start completed.
2025-03-05T18:27:20.263+07:00  INFO 24192 --- [WebUIS] [           main] o.hibernate.jpa.internal.util.LogHelper  : HHH000204: Processing PersistenceUnitInfo [name: default]
2025-03-05T18:27:20.343+07:00  INFO 24192 --- [WebUIS] [           main] org.hibernate.Version                    : HHH000412: Hibernate ORM core version 6.6.8.Final
2025-03-05T18:27:20.398+07:00  INFO 24192 --- [WebUIS] [           main] o.h.c.internal.RegionFactoryInitiator    : HHH000026: Second-level cache disabled
2025-03-05T18:27:20.791+07:00  INFO 24192 --- [WebUIS] [           main] o.s.o.j.p.SpringPersistenceUnitInfo      : No LoadTimeWeaver setup: ignoring JPA class transformer
2025-03-05T18:27:20.969+07:00  INFO 24192 --- [WebUIS] [           main] org.hibernate.orm.connections.pooling    : HHH10001005: Database info:
	Database JDBC URL [Connecting through datasource 'HikariDataSource (HikariPool-1)']
	Database driver: undefined/unknown
	Database version: 8.0.41
	Autocommit mode: undefined/unknown
	Isolation level: undefined/unknown
	Minimum pool size: undefined/unknown
	Maximum pool size: undefined/unknown
2025-03-05T18:27:21.285+07:00  INFO 24192 --- [WebUIS] [           main] o.h.e.t.j.p.i.JtaPlatformInitiator       : HHH000489: No JTA platform available (set 'hibernate.transaction.jta.platform' to enable JTA platform integration)
2025-03-05T18:27:21.290+07:00  INFO 24192 --- [WebUIS] [           main] j.LocalContainerEntityManagerFactoryBean : Initialized JPA EntityManagerFactory for persistence unit 'default'
2025-03-05T18:27:21.322+07:00  WARN 24192 --- [WebUIS] [           main] JpaBaseConfiguration$JpaWebConfiguration : spring.jpa.open-in-view is enabled by default. Therefore, database queries may be performed during view rendering. Explicitly configure spring.jpa.open-in-view to disable this warning
2025-03-05T18:27:22.627+07:00  INFO 24192 --- [WebUIS] [           main] o.s.b.a.e.web.EndpointLinksResolver      : Exposing 1 endpoint beneath base path '/actuator'
2025-03-05T18:27:22.726+07:00  INFO 24192 --- [WebUIS] [           main] v.e.p.WebUIS.WebUisApplicationTests      : Started WebUisApplicationTests in 5.255 seconds (process running for 6.341)
]]></system-out>
    <system-err><![CDATA[Mockito is currently self-attaching to enable the inline-mock-maker. This will no longer work in future releases of the JDK. Please add Mockito as an agent to your build what is described in Mockito's documentation: https://javadoc.io/doc/org.mockito/mockito-core/latest/org/mockito/Mockito.html#0.3
WARNING: A Java agent has been loaded dynamically (C:\Users\Duong\.m2\repository\net\bytebuddy\byte-buddy-agent\1.15.11\byte-buddy-agent-1.15.11.jar)
WARNING: If a serviceability tool is in use, please run with -XX:+EnableDynamicAgentLoading to hide this warning
WARNING: If a serviceability tool is not in use, please run with -Djdk.instrument.traceUsage for more information
WARNING: Dynamic loading of agents will be disallowed by default in a future release
]]></system-err>
  </testcase>
</testsuite>